<?xml version="1.0" encoding="UTF-8"?>
<!-- Generated by org.testng.reporters.JUnitXMLReporter -->
<testsuite ignored="0" hostname="LAPTOP-TQF9L3EO" failures="0" tests="3" name="Regression" time="0.085" errors="0" timestamp="2022-05-10T20:36:20 EDT">
  <testcase classname="piit.automtion.Execution" name="Test2" time="0.011"/>
  <testcase classname="piit.automtion.Execution" name="f" time="0.001"/>
  <testcase classname="piit.automtion.Browsers" name="f" time="0.003"/>
</testsuite> <!-- Regression -->
